2021-04-02 15:18:18.037  INFO 13076 --- [main] c.w.e.EurekeServerApplication            : Starting EurekeServerApplication using Java 15.0.1 on PC-20200814GUIX with PID 13076 (E:\github_repository\springcloud\eureke-server\target\classes started by Administrator in E:\github_repository\springcloud)
2021-04-02 15:18:18.039  INFO 13076 --- [main] c.w.e.EurekeServerApplication            : No active profile set, falling back to default profiles: default
2021-04-02 15:18:19.167  INFO 13076 --- [main] o.s.cloud.context.scope.GenericScope     : BeanFactory id=454dde39-75a1-3459-8c98-c1101881395b
2021-04-02 15:18:19.507  INFO 13076 --- [main] o.s.b.w.embedded.tomcat.TomcatWebServer  : Tomcat initialized with port(s): 2222 (http)
2021-04-02 15:18:19.527  INFO 13076 --- [main] o.apache.catalina.core.StandardService   : Starting service [Tomcat]
2021-04-02 15:18:19.528  INFO 13076 --- [main] org.apache.catalina.core.StandardEngine  : Starting Servlet engine: [Apache Tomcat/9.0.43]
2021-04-02 15:18:19.629  INFO 13076 --- [main] o.a.c.c.C.[Tomcat].[localhost].[/]       : Initializing Spring embedded WebApplicationContext
2021-04-02 15:18:19.629  INFO 13076 --- [main] w.s.c.ServletWebServerApplicationContext : Root WebApplicationContext: initialization completed in 1536 ms
2021-04-02 15:18:20.071  INFO 13076 --- [main] c.s.j.s.i.a.WebApplicationImpl           : Initiating Jersey application, version 'Jersey: 1.19.4 05/24/2017 03:20 PM'
2021-04-02 15:18:20.341  INFO 13076 --- [main] c.n.d.provider.DiscoveryJerseyProvider   : Using JSON encoding codec LegacyJacksonJson
2021-04-02 15:18:20.342  INFO 13076 --- [main] c.n.d.provider.DiscoveryJerseyProvider   : Using JSON decoding codec LegacyJacksonJson
2021-04-02 15:18:20.475  INFO 13076 --- [main] c.n.d.provider.DiscoveryJerseyProvider   : Using XML encoding codec XStreamXml
2021-04-02 15:18:20.475  INFO 13076 --- [main] c.n.d.provider.DiscoveryJerseyProvider   : Using XML decoding codec XStreamXml
2021-04-02 15:18:21.015  INFO 13076 --- [main] o.s.s.concurrent.ThreadPoolTaskExecutor  : Initializing ExecutorService 'applicationTaskExecutor'
2021-04-02 15:18:21.668  INFO 13076 --- [main] DiscoveryClientOptionalArgsConfiguration : Eureka HTTP Client uses Jersey
2021-04-02 15:18:21.709  WARN 13076 --- [main] iguration$LoadBalancerCaffeineWarnLogger : Spring Cloud LoadBalancer is currently working with the default cache. You can switch to using Caffeine cache, by adding it and org.springframework.cache.caffeine.CaffeineCacheManager to the classpath.
2021-04-02 15:18:21.722  INFO 13076 --- [main] o.s.c.n.eureka.InstanceInfoFactory       : Setting initial instance status as: STARTING
2021-04-02 15:18:21.741  INFO 13076 --- [main] com.netflix.discovery.DiscoveryClient    : Initializing Eureka in region us-east-1
2021-04-02 15:18:21.741  INFO 13076 --- [main] com.netflix.discovery.DiscoveryClient    : Client configured to neither register nor query for data.
2021-04-02 15:18:21.747  INFO 13076 --- [main] com.netflix.discovery.DiscoveryClient    : Discovery Client initialized at timestamp 1617347901746 with initial instances count: 0
2021-04-02 15:18:21.772  INFO 13076 --- [main] c.n.eureka.DefaultEurekaServerContext    : Initializing ...
2021-04-02 15:18:21.773  WARN 13076 --- [main] c.n.eureka.cluster.PeerEurekaNodes       : The replica size seems to be empty. Check the route 53 DNS Registry
2021-04-02 15:18:21.805  INFO 13076 --- [main] c.n.e.registry.AbstractInstanceRegistry  : Finished initializing remote region registries. All known remote regions: []
2021-04-02 15:18:21.812  INFO 13076 --- [main] c.n.eureka.DefaultEurekaServerContext    : Initialized
2021-04-02 15:18:21.820  INFO 13076 --- [main] o.s.b.a.e.web.EndpointLinksResolver      : Exposing 2 endpoint(s) beneath base path '/actuator'
2021-04-02 15:18:21.878  INFO 13076 --- [main] o.s.c.n.e.s.EurekaServiceRegistry        : Registering application EUREKA-SERVER with eureka with status UP
2021-04-02 15:18:21.880  INFO 13076 --- [Thread-9] o.s.c.n.e.server.EurekaServerBootstrap   : Setting the eureka configuration..
2021-04-02 15:18:21.888  INFO 13076 --- [Thread-9] o.s.c.n.e.server.EurekaServerBootstrap   : isAws returned false
2021-04-02 15:18:21.889  INFO 13076 --- [Thread-9] o.s.c.n.e.server.EurekaServerBootstrap   : Initialized server context
2021-04-02 15:18:21.889  INFO 13076 --- [Thread-9] c.n.e.r.PeerAwareInstanceRegistryImpl    : Got 1 instances from neighboring DS node
2021-04-02 15:18:21.889  INFO 13076 --- [Thread-9] c.n.e.r.PeerAwareInstanceRegistryImpl    : Renew threshold is: 1
2021-04-02 15:18:21.889  INFO 13076 --- [Thread-9] c.n.e.r.PeerAwareInstanceRegistryImpl    : Changing status to UP
2021-04-02 15:18:21.903  INFO 13076 --- [main] o.s.b.w.embedded.tomcat.TomcatWebServer  : Tomcat started on port(s): 2222 (http) with context path ''
2021-04-02 15:18:21.904  INFO 13076 --- [main] .s.c.n.e.s.EurekaAutoServiceRegistration : Updating port to 2222
2021-04-02 15:18:21.941  INFO 13076 --- [Thread-9] e.s.EurekaServerInitializerConfiguration : Started Eureka Server
2021-04-02 15:18:21.978  INFO 13076 --- [main] c.w.e.EurekeServerApplication            : Started EurekeServerApplication in 4.441 seconds (JVM running for 5.117)
2021-04-02 15:18:22.532  INFO 13076 --- [RMI TCP Connection(3)-192.168.0.110] o.a.c.c.C.[Tomcat].[localhost].[/]       : Initializing Spring DispatcherServlet 'dispatcherServlet'
2021-04-02 15:18:22.532  INFO 13076 --- [RMI TCP Connection(3)-192.168.0.110] o.s.web.servlet.DispatcherServlet        : Initializing Servlet 'dispatcherServlet'
2021-04-02 15:18:22.534  INFO 13076 --- [RMI TCP Connection(3)-192.168.0.110] o.s.web.servlet.DispatcherServlet        : Completed initialization in 2 ms
2021-04-02 15:18:24.719  INFO 13076 --- [http-nio-2222-exec-6] c.n.e.registry.AbstractInstanceRegistry  : Registered instance LOADBALANCER-CONSUMER/PC-20200814GUIX:loadbalancer-consumer:9000 with status UP (replication=false)
2021-04-02 15:18:28.264  INFO 13076 --- [http-nio-2222-exec-10] c.n.e.registry.AbstractInstanceRegistry  : Registered instance HELLO-SERVICE/PC-20200814GUIX:hello-service:8881 with status UP (replication=false)
2021-04-02 15:18:30.343  INFO 13076 --- [http-nio-2222-exec-2] c.n.e.registry.AbstractInstanceRegistry  : Registered instance HELLO-SERVICE/PC-20200814GUIX:hello-service:8882 with status UP (replication=false)
2021-04-02 15:19:21.889  INFO 13076 --- [Eureka-EvictionTimer] c.n.e.registry.AbstractInstanceRegistry  : Running the evict task with compensationTime 0ms
2021-04-02 15:19:22.543  INFO 13076 --- [http-nio-2222-exec-4] o.apache.tomcat.util.http.parser.Cookie  : A cookie header was received [1614738002] that contained an invalid cookie. That cookie will be ignored.
 Note: further occurrences of this error will be logged at DEBUG level.
2021-04-02 15:20:21.898  INFO 13076 --- [Eureka-EvictionTimer] c.n.e.registry.AbstractInstanceRegistry  : Running the evict task with compensationTime 8ms
2021-04-02 15:21:21.900  INFO 13076 --- [Eureka-EvictionTimer] c.n.e.registry.AbstractInstanceRegistry  : Running the evict task with compensationTime 2ms
2021-04-02 15:22:21.912  INFO 13076 --- [Eureka-EvictionTimer] c.n.e.registry.AbstractInstanceRegistry  : Running the evict task with compensationTime 11ms
2021-04-02 15:23:21.912  INFO 13076 --- [Eureka-EvictionTimer] c.n.e.registry.AbstractInstanceRegistry  : Running the evict task with compensationTime 0ms
2021-04-02 15:24:21.915  INFO 13076 --- [Eureka-EvictionTimer] c.n.e.registry.AbstractInstanceRegistry  : Running the evict task with compensationTime 2ms
2021-04-02 15:25:21.920  INFO 13076 --- [Eureka-EvictionTimer] c.n.e.registry.AbstractInstanceRegistry  : Running the evict task with compensationTime 5ms
2021-04-02 15:26:21.929  INFO 13076 --- [Eureka-EvictionTimer] c.n.e.registry.AbstractInstanceRegistry  : Running the evict task with compensationTime 8ms
2021-04-02 15:27:03.021  INFO 13076 --- [http-nio-2222-exec-9] c.n.e.registry.AbstractInstanceRegistry  : Registered instance LOADBALANCER-CONSUMER/PC-20200814GUIX:loadbalancer-consumer:9000 with status DOWN (replication=false)
2021-04-02 15:27:06.067  INFO 13076 --- [http-nio-2222-exec-3] c.n.e.registry.AbstractInstanceRegistry  : Cancelled instance LOADBALANCER-CONSUMER/PC-20200814GUIX:loadbalancer-consumer:9000 (replication=false)
2021-04-02 15:27:10.656  INFO 13076 --- [http-nio-2222-exec-4] c.n.e.registry.AbstractInstanceRegistry  : Registered instance LOADBALANCER-CONSUMER/PC-20200814GUIX:loadbalancer-consumer:9000 with status UP (replication=false)
2021-04-02 15:27:21.931  INFO 13076 --- [Eureka-EvictionTimer] c.n.e.registry.AbstractInstanceRegistry  : Running the evict task with compensationTime 1ms
2021-04-02 15:27:30.226  INFO 13076 --- [http-nio-2222-exec-8] c.n.e.registry.AbstractInstanceRegistry  : Registered instance LOADBALANCER-CONSUMER/PC-20200814GUIX:loadbalancer-consumer:9000 with status DOWN (replication=false)
2021-04-02 15:27:33.264  INFO 13076 --- [http-nio-2222-exec-3] c.n.e.registry.AbstractInstanceRegistry  : Cancelled instance LOADBALANCER-CONSUMER/PC-20200814GUIX:loadbalancer-consumer:9000 (replication=false)
2021-04-02 15:27:37.893  INFO 13076 --- [http-nio-2222-exec-10] c.n.e.registry.AbstractInstanceRegistry  : Registered instance LOADBALANCER-CONSUMER/PC-20200814GUIX:loadbalancer-consumer:9000 with status UP (replication=false)
2021-04-02 15:28:21.782  WARN 13076 --- [Eureka-PeerNodesUpdater] c.n.eureka.cluster.PeerEurekaNodes       : The replica size seems to be empty. Check the route 53 DNS Registry
2021-04-02 15:28:21.937  INFO 13076 --- [Eureka-EvictionTimer] c.n.e.registry.AbstractInstanceRegistry  : Running the evict task with compensationTime 5ms
2021-04-02 15:29:16.795  INFO 13076 --- [http-nio-2222-exec-1] c.n.e.registry.AbstractInstanceRegistry  : Registered instance LOADBALANCER-CONSUMER/PC-20200814GUIX:loadbalancer-consumer:9000 with status DOWN (replication=false)
2021-04-02 15:29:19.826  INFO 13076 --- [http-nio-2222-exec-10] c.n.e.registry.AbstractInstanceRegistry  : Cancelled instance LOADBALANCER-CONSUMER/PC-20200814GUIX:loadbalancer-consumer:9000 (replication=false)
2021-04-02 15:29:21.945  INFO 13076 --- [Eureka-EvictionTimer] c.n.e.registry.AbstractInstanceRegistry  : Running the evict task with compensationTime 8ms
2021-04-02 15:29:24.513  INFO 13076 --- [http-nio-2222-exec-8] c.n.e.registry.AbstractInstanceRegistry  : Registered instance LOADBALANCER-CONSUMER/PC-20200814GUIX:loadbalancer-consumer:9000 with status UP (replication=false)
2021-04-02 15:30:21.960  INFO 13076 --- [Eureka-EvictionTimer] c.n.e.registry.AbstractInstanceRegistry  : Running the evict task with compensationTime 15ms
2021-04-02 15:31:21.974  INFO 13076 --- [Eureka-EvictionTimer] c.n.e.registry.AbstractInstanceRegistry  : Running the evict task with compensationTime 14ms
2021-04-02 15:31:40.140  INFO 13076 --- [http-nio-2222-exec-8] c.n.e.registry.AbstractInstanceRegistry  : Registered instance LOADBALANCER-CONSUMER/PC-20200814GUIX:loadbalancer-consumer:9000 with status DOWN (replication=false)
2021-04-02 15:31:43.180  INFO 13076 --- [http-nio-2222-exec-7] c.n.e.registry.AbstractInstanceRegistry  : Cancelled instance LOADBALANCER-CONSUMER/PC-20200814GUIX:loadbalancer-consumer:9000 (replication=false)
2021-04-02 15:31:47.937  INFO 13076 --- [http-nio-2222-exec-3] c.n.e.registry.AbstractInstanceRegistry  : Registered instance LOADBALANCER-CONSUMER/PC-20200814GUIX:loadbalancer-consumer:9000 with status UP (replication=false)
2021-04-02 15:32:21.977  INFO 13076 --- [Eureka-EvictionTimer] c.n.e.registry.AbstractInstanceRegistry  : Running the evict task with compensationTime 2ms
2021-04-02 15:33:21.805  INFO 13076 --- [ReplicaAwareInstanceRegistry - RenewalThresholdUpdater] c.n.e.r.PeerAwareInstanceRegistryImpl    : Current renewal threshold is : 0
2021-04-02 15:33:21.977  INFO 13076 --- [Eureka-EvictionTimer] c.n.e.registry.AbstractInstanceRegistry  : Running the evict task with compensationTime 0ms
2021-04-02 15:34:21.992  INFO 13076 --- [Eureka-EvictionTimer] c.n.e.registry.AbstractInstanceRegistry  : Running the evict task with compensationTime 15ms
2021-04-02 15:35:21.996  INFO 13076 --- [Eureka-EvictionTimer] c.n.e.registry.AbstractInstanceRegistry  : Running the evict task with compensationTime 4ms
2021-04-02 15:36:20.213  INFO 13076 --- [http-nio-2222-exec-8] c.n.e.registry.AbstractInstanceRegistry  : Registered instance LOADBALANCER-CONSUMER/PC-20200814GUIX:loadbalancer-consumer:9000 with status DOWN (replication=false)
2021-04-02 15:36:21.997  INFO 13076 --- [Eureka-EvictionTimer] c.n.e.registry.AbstractInstanceRegistry  : Running the evict task with compensationTime 0ms
2021-04-02 15:36:23.256  INFO 13076 --- [http-nio-2222-exec-7] c.n.e.registry.AbstractInstanceRegistry  : Cancelled instance LOADBALANCER-CONSUMER/PC-20200814GUIX:loadbalancer-consumer:9000 (replication=false)
2021-04-02 15:36:27.983  INFO 13076 --- [http-nio-2222-exec-3] c.n.e.registry.AbstractInstanceRegistry  : Registered instance LOADBALANCER-CONSUMER/PC-20200814GUIX:loadbalancer-consumer:9000 with status UP (replication=false)
2021-04-02 15:37:22.007  INFO 13076 --- [Eureka-EvictionTimer] c.n.e.registry.AbstractInstanceRegistry  : Running the evict task with compensationTime 10ms
2021-04-02 15:38:21.792  WARN 13076 --- [Eureka-PeerNodesUpdater] c.n.eureka.cluster.PeerEurekaNodes       : The replica size seems to be empty. Check the route 53 DNS Registry
2021-04-02 15:38:22.012  INFO 13076 --- [Eureka-EvictionTimer] c.n.e.registry.AbstractInstanceRegistry  : Running the evict task with compensationTime 4ms
2021-04-02 15:39:22.027  INFO 13076 --- [Eureka-EvictionTimer] c.n.e.registry.AbstractInstanceRegistry  : Running the evict task with compensationTime 15ms
2021-04-02 15:40:22.032  INFO 13076 --- [Eureka-EvictionTimer] c.n.e.registry.AbstractInstanceRegistry  : Running the evict task with compensationTime 5ms
2021-04-02 15:40:33.191  INFO 13076 --- [http-nio-2222-exec-10] c.n.e.registry.AbstractInstanceRegistry  : Registered instance LOADBALANCER-CONSUMER/PC-20200814GUIX:loadbalancer-consumer:9000 with status DOWN (replication=false)
2021-04-02 15:40:36.234  INFO 13076 --- [http-nio-2222-exec-5] c.n.e.registry.AbstractInstanceRegistry  : Cancelled instance LOADBALANCER-CONSUMER/PC-20200814GUIX:loadbalancer-consumer:9000 (replication=false)
2021-04-02 15:40:40.915  INFO 13076 --- [http-nio-2222-exec-9] c.n.e.registry.AbstractInstanceRegistry  : Registered instance LOADBALANCER-CONSUMER/PC-20200814GUIX:loadbalancer-consumer:9000 with status UP (replication=false)
2021-04-02 15:41:22.042  INFO 13076 --- [Eureka-EvictionTimer] c.n.e.registry.AbstractInstanceRegistry  : Running the evict task with compensationTime 10ms
2021-04-02 15:42:22.042  INFO 13076 --- [Eureka-EvictionTimer] c.n.e.registry.AbstractInstanceRegistry  : Running the evict task with compensationTime 0ms
2021-04-02 15:43:22.057  INFO 13076 --- [Eureka-EvictionTimer] c.n.e.registry.AbstractInstanceRegistry  : Running the evict task with compensationTime 14ms
2021-04-02 15:44:22.063  INFO 13076 --- [Eureka-EvictionTimer] c.n.e.registry.AbstractInstanceRegistry  : Running the evict task with compensationTime 6ms
2021-04-02 15:45:22.063  INFO 13076 --- [Eureka-EvictionTimer] c.n.e.registry.AbstractInstanceRegistry  : Running the evict task with compensationTime 0ms
2021-04-02 15:46:22.072  INFO 13076 --- [Eureka-EvictionTimer] c.n.e.registry.AbstractInstanceRegistry  : Running the evict task with compensationTime 9ms
2021-04-02 15:47:22.078  INFO 13076 --- [Eureka-EvictionTimer] c.n.e.registry.AbstractInstanceRegistry  : Running the evict task with compensationTime 5ms
2021-04-02 15:48:21.804  WARN 13076 --- [Eureka-PeerNodesUpdater] c.n.eureka.cluster.PeerEurekaNodes       : The replica size seems to be empty. Check the route 53 DNS Registry
2021-04-02 15:48:21.819  INFO 13076 --- [ReplicaAwareInstanceRegistry - RenewalThresholdUpdater] c.n.e.r.PeerAwareInstanceRegistryImpl    : Current renewal threshold is : 0
2021-04-02 15:48:22.086  INFO 13076 --- [Eureka-EvictionTimer] c.n.e.registry.AbstractInstanceRegistry  : Running the evict task with compensationTime 8ms
2021-04-02 15:49:22.089  INFO 13076 --- [Eureka-EvictionTimer] c.n.e.registry.AbstractInstanceRegistry  : Running the evict task with compensationTime 3ms
2021-04-02 15:50:22.099  INFO 13076 --- [Eureka-EvictionTimer] c.n.e.registry.AbstractInstanceRegistry  : Running the evict task with compensationTime 9ms
2021-04-02 15:51:22.099  INFO 13076 --- [Eureka-EvictionTimer] c.n.e.registry.AbstractInstanceRegistry  : Running the evict task with compensationTime 0ms
2021-04-02 15:52:22.102  INFO 13076 --- [Eureka-EvictionTimer] c.n.e.registry.AbstractInstanceRegistry  : Running the evict task with compensationTime 3ms
2021-04-02 15:53:22.114  INFO 13076 --- [Eureka-EvictionTimer] c.n.e.registry.AbstractInstanceRegistry  : Running the evict task with compensationTime 11ms
2021-04-02 15:54:22.114  INFO 13076 --- [Eureka-EvictionTimer] c.n.e.registry.AbstractInstanceRegistry  : Running the evict task with compensationTime 0ms
2021-04-02 15:55:22.116  INFO 13076 --- [Eureka-EvictionTimer] c.n.e.registry.AbstractInstanceRegistry  : Running the evict task with compensationTime 2ms
2021-04-02 15:56:22.121  INFO 13076 --- [Eureka-EvictionTimer] c.n.e.registry.AbstractInstanceRegistry  : Running the evict task with compensationTime 4ms
2021-04-02 15:57:22.130  INFO 13076 --- [Eureka-EvictionTimer] c.n.e.registry.AbstractInstanceRegistry  : Running the evict task with compensationTime 8ms
2021-04-02 15:58:21.812  WARN 13076 --- [Eureka-PeerNodesUpdater] c.n.eureka.cluster.PeerEurekaNodes       : The replica size seems to be empty. Check the route 53 DNS Registry
2021-04-02 15:58:22.142  INFO 13076 --- [Eureka-EvictionTimer] c.n.e.registry.AbstractInstanceRegistry  : Running the evict task with compensationTime 12ms
2021-04-02 15:59:22.157  INFO 13076 --- [Eureka-EvictionTimer] c.n.e.registry.AbstractInstanceRegistry  : Running the evict task with compensationTime 14ms
2021-04-02 16:00:22.157  INFO 13076 --- [Eureka-EvictionTimer] c.n.e.registry.AbstractInstanceRegistry  : Running the evict task with compensationTime 0ms
2021-04-02 16:01:22.166  INFO 13076 --- [Eureka-EvictionTimer] c.n.e.registry.AbstractInstanceRegistry  : Running the evict task with compensationTime 8ms
2021-04-02 16:02:22.171  INFO 13076 --- [Eureka-EvictionTimer] c.n.e.registry.AbstractInstanceRegistry  : Running the evict task with compensationTime 5ms
2021-04-02 16:03:21.824  INFO 13076 --- [ReplicaAwareInstanceRegistry - RenewalThresholdUpdater] c.n.e.r.PeerAwareInstanceRegistryImpl    : Current renewal threshold is : 0
2021-04-02 16:03:22.182  INFO 13076 --- [Eureka-EvictionTimer] c.n.e.registry.AbstractInstanceRegistry  : Running the evict task with compensationTime 11ms
2021-04-02 16:04:22.197  INFO 13076 --- [Eureka-EvictionTimer] c.n.e.registry.AbstractInstanceRegistry  : Running the evict task with compensationTime 14ms
2021-04-02 16:05:22.211  INFO 13076 --- [Eureka-EvictionTimer] c.n.e.registry.AbstractInstanceRegistry  : Running the evict task with compensationTime 14ms
2021-04-02 16:06:22.216  INFO 13076 --- [Eureka-EvictionTimer] c.n.e.registry.AbstractInstanceRegistry  : Running the evict task with compensationTime 4ms
2021-04-02 16:07:22.223  INFO 13076 --- [Eureka-EvictionTimer] c.n.e.registry.AbstractInstanceRegistry  : Running the evict task with compensationTime 6ms
2021-04-02 16:08:21.822  WARN 13076 --- [Eureka-PeerNodesUpdater] c.n.eureka.cluster.PeerEurekaNodes       : The replica size seems to be empty. Check the route 53 DNS Registry
2021-04-02 16:08:22.231  INFO 13076 --- [Eureka-EvictionTimer] c.n.e.registry.AbstractInstanceRegistry  : Running the evict task with compensationTime 8ms
2021-04-02 16:09:22.235  INFO 13076 --- [Eureka-EvictionTimer] c.n.e.registry.AbstractInstanceRegistry  : Running the evict task with compensationTime 3ms
2021-04-02 16:10:22.240  INFO 13076 --- [Eureka-EvictionTimer] c.n.e.registry.AbstractInstanceRegistry  : Running the evict task with compensationTime 5ms
2021-04-02 16:11:22.243  INFO 13076 --- [Eureka-EvictionTimer] c.n.e.registry.AbstractInstanceRegistry  : Running the evict task with compensationTime 2ms
2021-04-02 16:12:22.243  INFO 13076 --- [Eureka-EvictionTimer] c.n.e.registry.AbstractInstanceRegistry  : Running the evict task with compensationTime 0ms
2021-04-02 16:13:22.250  INFO 13076 --- [Eureka-EvictionTimer] c.n.e.registry.AbstractInstanceRegistry  : Running the evict task with compensationTime 6ms
2021-04-02 16:14:22.263  INFO 13076 --- [Eureka-EvictionTimer] c.n.e.registry.AbstractInstanceRegistry  : Running the evict task with compensationTime 12ms
2021-04-02 16:15:22.275  INFO 13076 --- [Eureka-EvictionTimer] c.n.e.registry.AbstractInstanceRegistry  : Running the evict task with compensationTime 12ms
2021-04-02 16:16:22.287  INFO 13076 --- [Eureka-EvictionTimer] c.n.e.registry.AbstractInstanceRegistry  : Running the evict task with compensationTime 11ms
2021-04-02 16:17:22.301  INFO 13076 --- [Eureka-EvictionTimer] c.n.e.registry.AbstractInstanceRegistry  : Running the evict task with compensationTime 13ms
2021-04-02 16:18:21.828  INFO 13076 --- [ReplicaAwareInstanceRegistry - RenewalThresholdUpdater] c.n.e.r.PeerAwareInstanceRegistryImpl    : Current renewal threshold is : 0
2021-04-02 16:18:21.828  WARN 13076 --- [Eureka-PeerNodesUpdater] c.n.eureka.cluster.PeerEurekaNodes       : The replica size seems to be empty. Check the route 53 DNS Registry
2021-04-02 16:18:22.313  INFO 13076 --- [Eureka-EvictionTimer] c.n.e.registry.AbstractInstanceRegistry  : Running the evict task with compensationTime 12ms
2021-04-02 16:19:22.321  INFO 13076 --- [Eureka-EvictionTimer] c.n.e.registry.AbstractInstanceRegistry  : Running the evict task with compensationTime 8ms
2021-04-02 16:20:22.325  INFO 13076 --- [Eureka-EvictionTimer] c.n.e.registry.AbstractInstanceRegistry  : Running the evict task with compensationTime 3ms
2021-04-02 16:21:22.339  INFO 13076 --- [Eureka-EvictionTimer] c.n.e.registry.AbstractInstanceRegistry  : Running the evict task with compensationTime 13ms
2021-04-02 16:22:22.352  INFO 13076 --- [Eureka-EvictionTimer] c.n.e.registry.AbstractInstanceRegistry  : Running the evict task with compensationTime 12ms
2021-04-02 16:23:22.362  INFO 13076 --- [Eureka-EvictionTimer] c.n.e.registry.AbstractInstanceRegistry  : Running the evict task with compensationTime 10ms
2021-04-02 16:24:22.367  INFO 13076 --- [Eureka-EvictionTimer] c.n.e.registry.AbstractInstanceRegistry  : Running the evict task with compensationTime 5ms
2021-04-02 16:25:22.380  INFO 13076 --- [Eureka-EvictionTimer] c.n.e.registry.AbstractInstanceRegistry  : Running the evict task with compensationTime 12ms
2021-04-02 16:26:22.382  INFO 13076 --- [Eureka-EvictionTimer] c.n.e.registry.AbstractInstanceRegistry  : Running the evict task with compensationTime 1ms
2021-04-02 16:27:22.394  INFO 13076 --- [Eureka-EvictionTimer] c.n.e.registry.AbstractInstanceRegistry  : Running the evict task with compensationTime 12ms
2021-04-02 16:28:21.836  WARN 13076 --- [Eureka-PeerNodesUpdater] c.n.eureka.cluster.PeerEurekaNodes       : The replica size seems to be empty. Check the route 53 DNS Registry
2021-04-02 16:28:22.401  INFO 13076 --- [Eureka-EvictionTimer] c.n.e.registry.AbstractInstanceRegistry  : Running the evict task with compensationTime 6ms
2021-04-02 16:29:22.408  INFO 13076 --- [Eureka-EvictionTimer] c.n.e.registry.AbstractInstanceRegistry  : Running the evict task with compensationTime 6ms
2021-04-02 16:30:22.409  INFO 13076 --- [Eureka-EvictionTimer] c.n.e.registry.AbstractInstanceRegistry  : Running the evict task with compensationTime 0ms
2021-04-02 16:31:22.423  INFO 13076 --- [Eureka-EvictionTimer] c.n.e.registry.AbstractInstanceRegistry  : Running the evict task with compensationTime 14ms
2021-04-02 16:32:22.427  INFO 13076 --- [Eureka-EvictionTimer] c.n.e.registry.AbstractInstanceRegistry  : Running the evict task with compensationTime 3ms
2021-04-02 16:33:21.835  INFO 13076 --- [ReplicaAwareInstanceRegistry - RenewalThresholdUpdater] c.n.e.r.PeerAwareInstanceRegistryImpl    : Current renewal threshold is : 0
2021-04-02 16:33:22.428  INFO 13076 --- [Eureka-EvictionTimer] c.n.e.registry.AbstractInstanceRegistry  : Running the evict task with compensationTime 1ms
2021-04-02 16:34:22.429  INFO 13076 --- [Eureka-EvictionTimer] c.n.e.registry.AbstractInstanceRegistry  : Running the evict task with compensationTime 1ms
2021-04-02 16:35:22.431  INFO 13076 --- [Eureka-EvictionTimer] c.n.e.registry.AbstractInstanceRegistry  : Running the evict task with compensationTime 2ms
2021-04-02 16:36:22.435  INFO 13076 --- [Eureka-EvictionTimer] c.n.e.registry.AbstractInstanceRegistry  : Running the evict task with compensationTime 3ms
2021-04-02 16:37:22.438  INFO 13076 --- [Eureka-EvictionTimer] c.n.e.registry.AbstractInstanceRegistry  : Running the evict task with compensationTime 2ms
2021-04-02 16:38:21.846  WARN 13076 --- [Eureka-PeerNodesUpdater] c.n.eureka.cluster.PeerEurekaNodes       : The replica size seems to be empty. Check the route 53 DNS Registry
2021-04-02 16:38:22.441  INFO 13076 --- [Eureka-EvictionTimer] c.n.e.registry.AbstractInstanceRegistry  : Running the evict task with compensationTime 2ms
2021-04-02 16:39:22.447  INFO 13076 --- [Eureka-EvictionTimer] c.n.e.registry.AbstractInstanceRegistry  : Running the evict task with compensationTime 6ms
2021-04-02 16:40:22.451  INFO 13076 --- [Eureka-EvictionTimer] c.n.e.registry.AbstractInstanceRegistry  : Running the evict task with compensationTime 4ms
2021-04-02 16:41:22.455  INFO 13076 --- [Eureka-EvictionTimer] c.n.e.registry.AbstractInstanceRegistry  : Running the evict task with compensationTime 3ms
2021-04-02 16:42:22.469  INFO 13076 --- [Eureka-EvictionTimer] c.n.e.registry.AbstractInstanceRegistry  : Running the evict task with compensationTime 14ms
2021-04-02 16:43:22.478  INFO 13076 --- [Eureka-EvictionTimer] c.n.e.registry.AbstractInstanceRegistry  : Running the evict task with compensationTime 8ms
2021-04-02 16:44:22.484  INFO 13076 --- [Eureka-EvictionTimer] c.n.e.registry.AbstractInstanceRegistry  : Running the evict task with compensationTime 5ms
2021-04-02 16:45:22.492  INFO 13076 --- [Eureka-EvictionTimer] c.n.e.registry.AbstractInstanceRegistry  : Running the evict task with compensationTime 7ms
2021-04-02 16:46:22.503  INFO 13076 --- [Eureka-EvictionTimer] c.n.e.registry.AbstractInstanceRegistry  : Running the evict task with compensationTime 11ms
2021-04-02 16:47:22.513  INFO 13076 --- [Eureka-EvictionTimer] c.n.e.registry.AbstractInstanceRegistry  : Running the evict task with compensationTime 9ms
2021-04-02 16:48:21.846  INFO 13076 --- [ReplicaAwareInstanceRegistry - RenewalThresholdUpdater] c.n.e.r.PeerAwareInstanceRegistryImpl    : Current renewal threshold is : 0
2021-04-02 16:48:21.862  WARN 13076 --- [Eureka-PeerNodesUpdater] c.n.eureka.cluster.PeerEurekaNodes       : The replica size seems to be empty. Check the route 53 DNS Registry
2021-04-02 16:48:22.516  INFO 13076 --- [Eureka-EvictionTimer] c.n.e.registry.AbstractInstanceRegistry  : Running the evict task with compensationTime 3ms
2021-04-02 16:49:22.526  INFO 13076 --- [Eureka-EvictionTimer] c.n.e.registry.AbstractInstanceRegistry  : Running the evict task with compensationTime 10ms
2021-04-02 16:50:22.539  INFO 13076 --- [Eureka-EvictionTimer] c.n.e.registry.AbstractInstanceRegistry  : Running the evict task with compensationTime 13ms
2021-04-02 16:51:22.539  INFO 13076 --- [Eureka-EvictionTimer] c.n.e.registry.AbstractInstanceRegistry  : Running the evict task with compensationTime 0ms
2021-04-02 16:52:22.554  INFO 13076 --- [Eureka-EvictionTimer] c.n.e.registry.AbstractInstanceRegistry  : Running the evict task with compensationTime 14ms
2021-04-02 16:53:22.557  INFO 13076 --- [Eureka-EvictionTimer] c.n.e.registry.AbstractInstanceRegistry  : Running the evict task with compensationTime 3ms
2021-04-02 16:54:22.568  INFO 13076 --- [Eureka-EvictionTimer] c.n.e.registry.AbstractInstanceRegistry  : Running the evict task with compensationTime 10ms
2021-04-02 16:55:22.577  INFO 13076 --- [Eureka-EvictionTimer] c.n.e.registry.AbstractInstanceRegistry  : Running the evict task with compensationTime 8ms
2021-04-02 16:56:22.579  INFO 13076 --- [Eureka-EvictionTimer] c.n.e.registry.AbstractInstanceRegistry  : Running the evict task with compensationTime 2ms
2021-04-02 16:57:22.592  INFO 13076 --- [Eureka-EvictionTimer] c.n.e.registry.AbstractInstanceRegistry  : Running the evict task with compensationTime 12ms
2021-04-02 16:58:21.871  WARN 13076 --- [Eureka-PeerNodesUpdater] c.n.eureka.cluster.PeerEurekaNodes       : The replica size seems to be empty. Check the route 53 DNS Registry
2021-04-02 16:58:22.593  INFO 13076 --- [Eureka-EvictionTimer] c.n.e.registry.AbstractInstanceRegistry  : Running the evict task with compensationTime 1ms
2021-04-02 16:59:22.607  INFO 13076 --- [Eureka-EvictionTimer] c.n.e.registry.AbstractInstanceRegistry  : Running the evict task with compensationTime 13ms
2021-04-02 17:00:22.611  INFO 13076 --- [Eureka-EvictionTimer] c.n.e.registry.AbstractInstanceRegistry  : Running the evict task with compensationTime 4ms
2021-04-02 17:01:22.623  INFO 13076 --- [Eureka-EvictionTimer] c.n.e.registry.AbstractInstanceRegistry  : Running the evict task with compensationTime 11ms
2021-04-02 17:02:22.624  INFO 13076 --- [Eureka-EvictionTimer] c.n.e.registry.AbstractInstanceRegistry  : Running the evict task with compensationTime 1ms
2021-04-02 17:03:21.858  INFO 13076 --- [ReplicaAwareInstanceRegistry - RenewalThresholdUpdater] c.n.e.r.PeerAwareInstanceRegistryImpl    : Current renewal threshold is : 0
2021-04-02 17:03:22.625  INFO 13076 --- [Eureka-EvictionTimer] c.n.e.registry.AbstractInstanceRegistry  : Running the evict task with compensationTime 0ms
2021-04-02 17:04:22.633  INFO 13076 --- [Eureka-EvictionTimer] c.n.e.registry.AbstractInstanceRegistry  : Running the evict task with compensationTime 8ms
2021-04-02 17:05:22.642  INFO 13076 --- [Eureka-EvictionTimer] c.n.e.registry.AbstractInstanceRegistry  : Running the evict task with compensationTime 8ms
2021-04-02 17:06:22.647  INFO 13076 --- [Eureka-EvictionTimer] c.n.e.registry.AbstractInstanceRegistry  : Running the evict task with compensationTime 5ms
2021-04-02 17:07:22.653  INFO 13076 --- [Eureka-EvictionTimer] c.n.e.registry.AbstractInstanceRegistry  : Running the evict task with compensationTime 5ms
2021-04-02 17:08:21.884  WARN 13076 --- [Eureka-PeerNodesUpdater] c.n.eureka.cluster.PeerEurekaNodes       : The replica size seems to be empty. Check the route 53 DNS Registry
2021-04-02 17:08:22.664  INFO 13076 --- [Eureka-EvictionTimer] c.n.e.registry.AbstractInstanceRegistry  : Running the evict task with compensationTime 10ms
2021-04-02 17:09:22.665  INFO 13076 --- [Eureka-EvictionTimer] c.n.e.registry.AbstractInstanceRegistry  : Running the evict task with compensationTime 1ms
2021-04-02 17:10:22.665  INFO 13076 --- [Eureka-EvictionTimer] c.n.e.registry.AbstractInstanceRegistry  : Running the evict task with compensationTime 0ms
2021-04-02 17:11:22.679  INFO 13076 --- [Eureka-EvictionTimer] c.n.e.registry.AbstractInstanceRegistry  : Running the evict task with compensationTime 13ms
2021-04-02 17:12:22.687  INFO 13076 --- [Eureka-EvictionTimer] c.n.e.registry.AbstractInstanceRegistry  : Running the evict task with compensationTime 8ms
2021-04-02 17:13:22.691  INFO 13076 --- [Eureka-EvictionTimer] c.n.e.registry.AbstractInstanceRegistry  : Running the evict task with compensationTime 4ms
2021-04-02 17:14:22.694  INFO 13076 --- [Eureka-EvictionTimer] c.n.e.registry.AbstractInstanceRegistry  : Running the evict task with compensationTime 2ms
2021-04-02 17:15:22.706  INFO 13076 --- [Eureka-EvictionTimer] c.n.e.registry.AbstractInstanceRegistry  : Running the evict task with compensationTime 12ms
2021-04-02 17:16:22.717  INFO 13076 --- [Eureka-EvictionTimer] c.n.e.registry.AbstractInstanceRegistry  : Running the evict task with compensationTime 11ms
2021-04-02 17:17:22.722  INFO 13076 --- [Eureka-EvictionTimer] c.n.e.registry.AbstractInstanceRegistry  : Running the evict task with compensationTime 5ms
2021-04-02 17:18:21.870  INFO 13076 --- [ReplicaAwareInstanceRegistry - RenewalThresholdUpdater] c.n.e.r.PeerAwareInstanceRegistryImpl    : Current renewal threshold is : 0
2021-04-02 17:18:21.885  WARN 13076 --- [Eureka-PeerNodesUpdater] c.n.eureka.cluster.PeerEurekaNodes       : The replica size seems to be empty. Check the route 53 DNS Registry
2021-04-02 17:18:22.728  INFO 13076 --- [Eureka-EvictionTimer] c.n.e.registry.AbstractInstanceRegistry  : Running the evict task with compensationTime 5ms
2021-04-02 17:19:22.738  INFO 13076 --- [Eureka-EvictionTimer] c.n.e.registry.AbstractInstanceRegistry  : Running the evict task with compensationTime 9ms
2021-04-02 17:20:22.751  INFO 13076 --- [Eureka-EvictionTimer] c.n.e.registry.AbstractInstanceRegistry  : Running the evict task with compensationTime 13ms
2021-04-02 17:21:22.763  INFO 13076 --- [Eureka-EvictionTimer] c.n.e.registry.AbstractInstanceRegistry  : Running the evict task with compensationTime 11ms
2021-04-02 17:22:22.777  INFO 13076 --- [Eureka-EvictionTimer] c.n.e.registry.AbstractInstanceRegistry  : Running the evict task with compensationTime 14ms
2021-04-02 17:23:22.782  INFO 13076 --- [Eureka-EvictionTimer] c.n.e.registry.AbstractInstanceRegistry  : Running the evict task with compensationTime 5ms
2021-04-02 17:24:22.783  INFO 13076 --- [Eureka-EvictionTimer] c.n.e.registry.AbstractInstanceRegistry  : Running the evict task with compensationTime 0ms
2021-04-02 17:25:22.796  INFO 13076 --- [Eureka-EvictionTimer] c.n.e.registry.AbstractInstanceRegistry  : Running the evict task with compensationTime 13ms
2021-04-02 17:26:22.810  INFO 13076 --- [Eureka-EvictionTimer] c.n.e.registry.AbstractInstanceRegistry  : Running the evict task with compensationTime 13ms
2021-04-02 17:27:22.810  INFO 13076 --- [Eureka-EvictionTimer] c.n.e.registry.AbstractInstanceRegistry  : Running the evict task with compensationTime 0ms
2021-04-02 17:28:21.891  WARN 13076 --- [Eureka-PeerNodesUpdater] c.n.eureka.cluster.PeerEurekaNodes       : The replica size seems to be empty. Check the route 53 DNS Registry
2021-04-02 17:28:22.812  INFO 13076 --- [Eureka-EvictionTimer] c.n.e.registry.AbstractInstanceRegistry  : Running the evict task with compensationTime 2ms
2021-04-02 17:29:22.824  INFO 13076 --- [Eureka-EvictionTimer] c.n.e.registry.AbstractInstanceRegistry  : Running the evict task with compensationTime 11ms
2021-04-02 17:30:22.839  INFO 13076 --- [Eureka-EvictionTimer] c.n.e.registry.AbstractInstanceRegistry  : Running the evict task with compensationTime 14ms
2021-04-02 17:31:22.847  INFO 13076 --- [Eureka-EvictionTimer] c.n.e.registry.AbstractInstanceRegistry  : Running the evict task with compensationTime 8ms
2021-04-02 17:32:22.850  INFO 13076 --- [Eureka-EvictionTimer] c.n.e.registry.AbstractInstanceRegistry  : Running the evict task with compensationTime 3ms
2021-04-02 17:33:21.872  INFO 13076 --- [ReplicaAwareInstanceRegistry - RenewalThresholdUpdater] c.n.e.r.PeerAwareInstanceRegistryImpl    : Current renewal threshold is : 0
2021-04-02 17:33:22.859  INFO 13076 --- [Eureka-EvictionTimer] c.n.e.registry.AbstractInstanceRegistry  : Running the evict task with compensationTime 8ms
2021-04-02 17:34:22.863  INFO 13076 --- [Eureka-EvictionTimer] c.n.e.registry.AbstractInstanceRegistry  : Running the evict task with compensationTime 4ms
2021-04-02 17:35:22.870  INFO 13076 --- [Eureka-EvictionTimer] c.n.e.registry.AbstractInstanceRegistry  : Running the evict task with compensationTime 6ms
2021-04-02 17:36:22.882  INFO 13076 --- [Eureka-EvictionTimer] c.n.e.registry.AbstractInstanceRegistry  : Running the evict task with compensationTime 12ms
2021-04-02 17:37:22.896  INFO 13076 --- [Eureka-EvictionTimer] c.n.e.registry.AbstractInstanceRegistry  : Running the evict task with compensationTime 14ms
2021-04-02 17:38:21.893  WARN 13076 --- [Eureka-PeerNodesUpdater] c.n.eureka.cluster.PeerEurekaNodes       : The replica size seems to be empty. Check the route 53 DNS Registry
2021-04-02 17:38:22.900  INFO 13076 --- [Eureka-EvictionTimer] c.n.e.registry.AbstractInstanceRegistry  : Running the evict task with compensationTime 3ms
2021-04-02 17:39:22.903  INFO 13076 --- [Eureka-EvictionTimer] c.n.e.registry.AbstractInstanceRegistry  : Running the evict task with compensationTime 3ms
2021-04-02 17:40:22.909  INFO 13076 --- [Eureka-EvictionTimer] c.n.e.registry.AbstractInstanceRegistry  : Running the evict task with compensationTime 6ms
2021-04-02 17:41:22.915  INFO 13076 --- [Eureka-EvictionTimer] c.n.e.registry.AbstractInstanceRegistry  : Running the evict task with compensationTime 5ms
2021-04-02 17:42:22.920  INFO 13076 --- [Eureka-EvictionTimer] c.n.e.registry.AbstractInstanceRegistry  : Running the evict task with compensationTime 5ms
2021-04-02 17:43:22.920  INFO 13076 --- [Eureka-EvictionTimer] c.n.e.registry.AbstractInstanceRegistry  : Running the evict task with compensationTime 0ms
2021-04-02 17:44:22.925  INFO 13076 --- [Eureka-EvictionTimer] c.n.e.registry.AbstractInstanceRegistry  : Running the evict task with compensationTime 4ms
2021-04-02 17:45:22.925  INFO 13076 --- [Eureka-EvictionTimer] c.n.e.registry.AbstractInstanceRegistry  : Running the evict task with compensationTime 0ms
2021-04-02 17:46:22.927  INFO 13076 --- [Eureka-EvictionTimer] c.n.e.registry.AbstractInstanceRegistry  : Running the evict task with compensationTime 2ms
2021-04-02 17:47:22.928  INFO 13076 --- [Eureka-EvictionTimer] c.n.e.registry.AbstractInstanceRegistry  : Running the evict task with compensationTime 0ms
2021-04-02 17:48:21.880  INFO 13076 --- [ReplicaAwareInstanceRegistry - RenewalThresholdUpdater] c.n.e.r.PeerAwareInstanceRegistryImpl    : Current renewal threshold is : 0
2021-04-02 17:48:21.895  WARN 13076 --- [Eureka-PeerNodesUpdater] c.n.eureka.cluster.PeerEurekaNodes       : The replica size seems to be empty. Check the route 53 DNS Registry
2021-04-02 17:48:22.928  INFO 13076 --- [Eureka-EvictionTimer] c.n.e.registry.AbstractInstanceRegistry  : Running the evict task with compensationTime 0ms
2021-04-02 17:49:22.929  INFO 13076 --- [Eureka-EvictionTimer] c.n.e.registry.AbstractInstanceRegistry  : Running the evict task with compensationTime 1ms
2021-04-02 17:50:22.929  INFO 13076 --- [Eureka-EvictionTimer] c.n.e.registry.AbstractInstanceRegistry  : Running the evict task with compensationTime 0ms
2021-04-02 17:51:22.930  INFO 13076 --- [Eureka-EvictionTimer] c.n.e.registry.AbstractInstanceRegistry  : Running the evict task with compensationTime 0ms
2021-04-02 17:52:22.931  INFO 13076 --- [Eureka-EvictionTimer] c.n.e.registry.AbstractInstanceRegistry  : Running the evict task with compensationTime 0ms
2021-04-02 17:53:22.931  INFO 13076 --- [Eureka-EvictionTimer] c.n.e.registry.AbstractInstanceRegistry  : Running the evict task with compensationTime 0ms
2021-04-02 17:54:22.932  INFO 13076 --- [Eureka-EvictionTimer] c.n.e.registry.AbstractInstanceRegistry  : Running the evict task with compensationTime 0ms
2021-04-02 17:55:22.932  INFO 13076 --- [Eureka-EvictionTimer] c.n.e.registry.AbstractInstanceRegistry  : Running the evict task with compensationTime 0ms
2021-04-02 17:56:22.933  INFO 13076 --- [Eureka-EvictionTimer] c.n.e.registry.AbstractInstanceRegistry  : Running the evict task with compensationTime 0ms
2021-04-02 17:57:22.933  INFO 13076 --- [Eureka-EvictionTimer] c.n.e.registry.AbstractInstanceRegistry  : Running the evict task with compensationTime 0ms
2021-04-02 17:58:21.896  WARN 13076 --- [Eureka-PeerNodesUpdater] c.n.eureka.cluster.PeerEurekaNodes       : The replica size seems to be empty. Check the route 53 DNS Registry
2021-04-02 17:58:22.933  INFO 13076 --- [Eureka-EvictionTimer] c.n.e.registry.AbstractInstanceRegistry  : Running the evict task with compensationTime 0ms
2021-04-02 17:59:22.934  INFO 13076 --- [Eureka-EvictionTimer] c.n.e.registry.AbstractInstanceRegistry  : Running the evict task with compensationTime 0ms
2021-04-02 18:00:22.934  INFO 13076 --- [Eureka-EvictionTimer] c.n.e.registry.AbstractInstanceRegistry  : Running the evict task with compensationTime 0ms
2021-04-02 18:01:22.934  INFO 13076 --- [Eureka-EvictionTimer] c.n.e.registry.AbstractInstanceRegistry  : Running the evict task with compensationTime 0ms
2021-04-02 18:02:22.935  INFO 13076 --- [Eureka-EvictionTimer] c.n.e.registry.AbstractInstanceRegistry  : Running the evict task with compensationTime 0ms
2021-04-02 18:03:21.878  INFO 13076 --- [ReplicaAwareInstanceRegistry - RenewalThresholdUpdater] c.n.e.r.PeerAwareInstanceRegistryImpl    : Current renewal threshold is : 0
2021-04-02 18:03:22.935  INFO 13076 --- [Eureka-EvictionTimer] c.n.e.registry.AbstractInstanceRegistry  : Running the evict task with compensationTime 0ms
2021-04-02 18:04:22.944  INFO 13076 --- [Eureka-EvictionTimer] c.n.e.registry.AbstractInstanceRegistry  : Running the evict task with compensationTime 9ms
2021-04-02 18:05:22.957  INFO 13076 --- [Eureka-EvictionTimer] c.n.e.registry.AbstractInstanceRegistry  : Running the evict task with compensationTime 12ms
2021-04-02 18:06:22.962  INFO 13076 --- [Eureka-EvictionTimer] c.n.e.registry.AbstractInstanceRegistry  : Running the evict task with compensationTime 4ms
2021-04-02 18:07:22.962  INFO 13076 --- [Eureka-EvictionTimer] c.n.e.registry.AbstractInstanceRegistry  : Running the evict task with compensationTime 0ms
2021-04-02 18:08:21.900  WARN 13076 --- [Eureka-PeerNodesUpdater] c.n.eureka.cluster.PeerEurekaNodes       : The replica size seems to be empty. Check the route 53 DNS Registry
2021-04-02 18:08:22.962  INFO 13076 --- [Eureka-EvictionTimer] c.n.e.registry.AbstractInstanceRegistry  : Running the evict task with compensationTime 0ms
2021-04-02 18:09:22.969  INFO 13076 --- [Eureka-EvictionTimer] c.n.e.registry.AbstractInstanceRegistry  : Running the evict task with compensationTime 6ms
2021-04-02 18:10:22.977  INFO 13076 --- [Eureka-EvictionTimer] c.n.e.registry.AbstractInstanceRegistry  : Running the evict task with compensationTime 7ms
2021-04-02 18:11:22.988  INFO 13076 --- [Eureka-EvictionTimer] c.n.e.registry.AbstractInstanceRegistry  : Running the evict task with compensationTime 10ms
2021-04-02 18:12:22.989  INFO 13076 --- [Eureka-EvictionTimer] c.n.e.registry.AbstractInstanceRegistry  : Running the evict task with compensationTime 0ms
2021-04-02 18:13:23.002  INFO 13076 --- [Eureka-EvictionTimer] c.n.e.registry.AbstractInstanceRegistry  : Running the evict task with compensationTime 13ms
2021-04-02 18:14:23.008  INFO 13076 --- [Eureka-EvictionTimer] c.n.e.registry.AbstractInstanceRegistry  : Running the evict task with compensationTime 6ms
2021-04-02 18:15:23.008  INFO 13076 --- [Eureka-EvictionTimer] c.n.e.registry.AbstractInstanceRegistry  : Running the evict task with compensationTime 0ms
2021-04-02 18:16:23.013  INFO 13076 --- [Eureka-EvictionTimer] c.n.e.registry.AbstractInstanceRegistry  : Running the evict task with compensationTime 4ms
2021-04-02 18:17:23.022  INFO 13076 --- [Eureka-EvictionTimer] c.n.e.registry.AbstractInstanceRegistry  : Running the evict task with compensationTime 9ms
2021-04-02 18:18:21.881  INFO 13076 --- [ReplicaAwareInstanceRegistry - RenewalThresholdUpdater] c.n.e.r.PeerAwareInstanceRegistryImpl    : Current renewal threshold is : 0
2021-04-02 18:18:21.913  WARN 13076 --- [Eureka-PeerNodesUpdater] c.n.eureka.cluster.PeerEurekaNodes       : The replica size seems to be empty. Check the route 53 DNS Registry
2021-04-02 18:18:23.030  INFO 13076 --- [Eureka-EvictionTimer] c.n.e.registry.AbstractInstanceRegistry  : Running the evict task with compensationTime 7ms
2021-04-02 18:19:23.040  INFO 13076 --- [Eureka-EvictionTimer] c.n.e.registry.AbstractInstanceRegistry  : Running the evict task with compensationTime 9ms
2021-04-02 18:20:23.051  INFO 13076 --- [Eureka-EvictionTimer] c.n.e.registry.AbstractInstanceRegistry  : Running the evict task with compensationTime 11ms
2021-04-02 18:21:23.065  INFO 13076 --- [Eureka-EvictionTimer] c.n.e.registry.AbstractInstanceRegistry  : Running the evict task with compensationTime 14ms
2021-04-02 18:22:23.075  INFO 13076 --- [Eureka-EvictionTimer] c.n.e.registry.AbstractInstanceRegistry  : Running the evict task with compensationTime 10ms
2021-04-02 18:23:23.084  INFO 13076 --- [Eureka-EvictionTimer] c.n.e.registry.AbstractInstanceRegistry  : Running the evict task with compensationTime 8ms
2021-04-02 18:24:23.093  INFO 13076 --- [Eureka-EvictionTimer] c.n.e.registry.AbstractInstanceRegistry  : Running the evict task with compensationTime 8ms
2021-04-02 18:25:23.094  INFO 13076 --- [Eureka-EvictionTimer] c.n.e.registry.AbstractInstanceRegistry  : Running the evict task with compensationTime 1ms
2021-04-02 18:26:23.100  INFO 13076 --- [Eureka-EvictionTimer] c.n.e.registry.AbstractInstanceRegistry  : Running the evict task with compensationTime 5ms
2021-04-02 18:27:23.100  INFO 13076 --- [Eureka-EvictionTimer] c.n.e.registry.AbstractInstanceRegistry  : Running the evict task with compensationTime 0ms
2021-04-02 18:28:21.928  WARN 13076 --- [Eureka-PeerNodesUpdater] c.n.eureka.cluster.PeerEurekaNodes       : The replica size seems to be empty. Check the route 53 DNS Registry
2021-04-02 18:28:23.102  INFO 13076 --- [Eureka-EvictionTimer] c.n.e.registry.AbstractInstanceRegistry  : Running the evict task with compensationTime 1ms
2021-04-02 18:29:23.103  INFO 13076 --- [Eureka-EvictionTimer] c.n.e.registry.AbstractInstanceRegistry  : Running the evict task with compensationTime 1ms
2021-04-02 18:30:23.113  INFO 13076 --- [Eureka-EvictionTimer] c.n.e.registry.AbstractInstanceRegistry  : Running the evict task with compensationTime 9ms
2021-04-02 18:31:23.125  INFO 13076 --- [Eureka-EvictionTimer] c.n.e.registry.AbstractInstanceRegistry  : Running the evict task with compensationTime 12ms
2021-04-02 18:32:23.132  INFO 13076 --- [Eureka-EvictionTimer] c.n.e.registry.AbstractInstanceRegistry  : Running the evict task with compensationTime 6ms
2021-04-02 18:33:21.894  INFO 13076 --- [ReplicaAwareInstanceRegistry - RenewalThresholdUpdater] c.n.e.r.PeerAwareInstanceRegistryImpl    : Current renewal threshold is : 0
2021-04-02 18:33:23.135  INFO 13076 --- [Eureka-EvictionTimer] c.n.e.registry.AbstractInstanceRegistry  : Running the evict task with compensationTime 2ms
2021-04-02 18:34:23.135  INFO 13076 --- [Eureka-EvictionTimer] c.n.e.registry.AbstractInstanceRegistry  : Running the evict task with compensationTime 0ms
2021-04-02 18:35:23.135  INFO 13076 --- [Eureka-EvictionTimer] c.n.e.registry.AbstractInstanceRegistry  : Running the evict task with compensationTime 0ms
2021-04-02 18:36:23.136  INFO 13076 --- [Eureka-EvictionTimer] c.n.e.registry.AbstractInstanceRegistry  : Running the evict task with compensationTime 0ms
2021-04-02 18:37:23.136  INFO 13076 --- [Eureka-EvictionTimer] c.n.e.registry.AbstractInstanceRegistry  : Running the evict task with compensationTime 0ms
2021-04-02 18:38:21.937  WARN 13076 --- [Eureka-PeerNodesUpdater] c.n.eureka.cluster.PeerEurekaNodes       : The replica size seems to be empty. Check the route 53 DNS Registry
2021-04-02 18:38:23.136  INFO 13076 --- [Eureka-EvictionTimer] c.n.e.registry.AbstractInstanceRegistry  : Running the evict task with compensationTime 0ms
2021-04-02 18:39:23.137  INFO 13076 --- [Eureka-EvictionTimer] c.n.e.registry.AbstractInstanceRegistry  : Running the evict task with compensationTime 0ms
2021-04-02 18:40:23.137  INFO 13076 --- [Eureka-EvictionTimer] c.n.e.registry.AbstractInstanceRegistry  : Running the evict task with compensationTime 0ms
2021-04-02 18:41:23.138  INFO 13076 --- [Eureka-EvictionTimer] c.n.e.registry.AbstractInstanceRegistry  : Running the evict task with compensationTime 0ms
2021-04-02 18:42:23.138  INFO 13076 --- [Eureka-EvictionTimer] c.n.e.registry.AbstractInstanceRegistry  : Running the evict task with compensationTime 0ms
2021-04-02 18:43:23.138  INFO 13076 --- [Eureka-EvictionTimer] c.n.e.registry.AbstractInstanceRegistry  : Running the evict task with compensationTime 0ms
2021-04-02 18:44:23.138  INFO 13076 --- [Eureka-EvictionTimer] c.n.e.registry.AbstractInstanceRegistry  : Running the evict task with compensationTime 0ms
2021-04-02 18:45:23.139  INFO 13076 --- [Eureka-EvictionTimer] c.n.e.registry.AbstractInstanceRegistry  : Running the evict task with compensationTime 0ms
2021-04-02 18:46:23.139  INFO 13076 --- [Eureka-EvictionTimer] c.n.e.registry.AbstractInstanceRegistry  : Running the evict task with compensationTime 0ms
2021-04-02 18:47:23.140  INFO 13076 --- [Eureka-EvictionTimer] c.n.e.registry.AbstractInstanceRegistry  : Running the evict task with compensationTime 0ms
2021-04-02 18:48:21.893  INFO 13076 --- [ReplicaAwareInstanceRegistry - RenewalThresholdUpdater] c.n.e.r.PeerAwareInstanceRegistryImpl    : Current renewal threshold is : 0
2021-04-02 18:48:21.941  WARN 13076 --- [Eureka-PeerNodesUpdater] c.n.eureka.cluster.PeerEurekaNodes       : The replica size seems to be empty. Check the route 53 DNS Registry
2021-04-02 18:48:23.140  INFO 13076 --- [Eureka-EvictionTimer] c.n.e.registry.AbstractInstanceRegistry  : Running the evict task with compensationTime 0ms
2021-04-02 18:49:23.147  INFO 13076 --- [Eureka-EvictionTimer] c.n.e.registry.AbstractInstanceRegistry  : Running the evict task with compensationTime 7ms
2021-04-02 18:50:23.154  INFO 13076 --- [Eureka-EvictionTimer] c.n.e.registry.AbstractInstanceRegistry  : Running the evict task with compensationTime 6ms
2021-04-02 18:51:23.169  INFO 13076 --- [Eureka-EvictionTimer] c.n.e.registry.AbstractInstanceRegistry  : Running the evict task with compensationTime 15ms
2021-04-02 18:52:23.170  INFO 13076 --- [Eureka-EvictionTimer] c.n.e.registry.AbstractInstanceRegistry  : Running the evict task with compensationTime 1ms
2021-04-02 18:53:23.176  INFO 13076 --- [Eureka-EvictionTimer] c.n.e.registry.AbstractInstanceRegistry  : Running the evict task with compensationTime 5ms
2021-04-02 18:54:23.177  INFO 13076 --- [Eureka-EvictionTimer] c.n.e.registry.AbstractInstanceRegistry  : Running the evict task with compensationTime 1ms
2021-04-02 18:55:23.188  INFO 13076 --- [Eureka-EvictionTimer] c.n.e.registry.AbstractInstanceRegistry  : Running the evict task with compensationTime 10ms
2021-04-02 18:56:23.191  INFO 13076 --- [Eureka-EvictionTimer] c.n.e.registry.AbstractInstanceRegistry  : Running the evict task with compensationTime 3ms
2021-04-02 18:57:23.198  INFO 13076 --- [Eureka-EvictionTimer] c.n.e.registry.AbstractInstanceRegistry  : Running the evict task with compensationTime 7ms
2021-04-02 18:58:21.949  WARN 13076 --- [Eureka-PeerNodesUpdater] c.n.eureka.cluster.PeerEurekaNodes       : The replica size seems to be empty. Check the route 53 DNS Registry
2021-04-02 18:58:23.204  INFO 13076 --- [Eureka-EvictionTimer] c.n.e.registry.AbstractInstanceRegistry  : Running the evict task with compensationTime 5ms
2021-04-02 18:59:23.205  INFO 13076 --- [Eureka-EvictionTimer] c.n.e.registry.AbstractInstanceRegistry  : Running the evict task with compensationTime 2ms
2021-04-02 19:00:23.206  INFO 13076 --- [Eureka-EvictionTimer] c.n.e.registry.AbstractInstanceRegistry  : Running the evict task with compensationTime 0ms
2021-04-02 19:01:23.216  INFO 13076 --- [Eureka-EvictionTimer] c.n.e.registry.AbstractInstanceRegistry  : Running the evict task with compensationTime 10ms
2021-04-02 19:02:23.216  INFO 13076 --- [Eureka-EvictionTimer] c.n.e.registry.AbstractInstanceRegistry  : Running the evict task with compensationTime 0ms
2021-04-02 19:03:21.903  INFO 13076 --- [ReplicaAwareInstanceRegistry - RenewalThresholdUpdater] c.n.e.r.PeerAwareInstanceRegistryImpl    : Current renewal threshold is : 0
2021-04-02 19:03:23.216  INFO 13076 --- [Eureka-EvictionTimer] c.n.e.registry.AbstractInstanceRegistry  : Running the evict task with compensationTime 0ms
2021-04-02 19:04:23.228  INFO 13076 --- [Eureka-EvictionTimer] c.n.e.registry.AbstractInstanceRegistry  : Running the evict task with compensationTime 11ms
2021-04-02 19:05:23.234  INFO 13076 --- [Eureka-EvictionTimer] c.n.e.registry.AbstractInstanceRegistry  : Running the evict task with compensationTime 6ms
2021-04-02 19:06:23.235  INFO 13076 --- [Eureka-EvictionTimer] c.n.e.registry.AbstractInstanceRegistry  : Running the evict task with compensationTime 1ms
2021-04-02 19:07:23.249  INFO 13076 --- [Eureka-EvictionTimer] c.n.e.registry.AbstractInstanceRegistry  : Running the evict task with compensationTime 14ms
2021-04-02 19:08:21.957  WARN 13076 --- [Eureka-PeerNodesUpdater] c.n.eureka.cluster.PeerEurekaNodes       : The replica size seems to be empty. Check the route 53 DNS Registry
2021-04-02 19:08:23.256  INFO 13076 --- [Eureka-EvictionTimer] c.n.e.registry.AbstractInstanceRegistry  : Running the evict task with compensationTime 6ms
2021-04-02 19:09:23.256  INFO 13076 --- [Eureka-EvictionTimer] c.n.e.registry.AbstractInstanceRegistry  : Running the evict task with compensationTime 0ms
2021-04-02 19:10:23.263  INFO 13076 --- [Eureka-EvictionTimer] c.n.e.registry.AbstractInstanceRegistry  : Running the evict task with compensationTime 7ms
2021-04-02 19:11:23.264  INFO 13076 --- [Eureka-EvictionTimer] c.n.e.registry.AbstractInstanceRegistry  : Running the evict task with compensationTime 0ms
2021-04-02 19:12:23.275  INFO 13076 --- [Eureka-EvictionTimer] c.n.e.registry.AbstractInstanceRegistry  : Running the evict task with compensationTime 10ms
2021-04-02 19:13:23.279  INFO 13076 --- [Eureka-EvictionTimer] c.n.e.registry.AbstractInstanceRegistry  : Running the evict task with compensationTime 4ms
2021-04-02 19:14:23.286  INFO 13076 --- [Eureka-EvictionTimer] c.n.e.registry.AbstractInstanceRegistry  : Running the evict task with compensationTime 6ms
2021-04-02 19:15:23.298  INFO 13076 --- [Eureka-EvictionTimer] c.n.e.registry.AbstractInstanceRegistry  : Running the evict task with compensationTime 12ms
2021-04-02 19:16:23.304  INFO 13076 --- [Eureka-EvictionTimer] c.n.e.registry.AbstractInstanceRegistry  : Running the evict task with compensationTime 6ms
2021-04-02 19:17:23.316  INFO 13076 --- [Eureka-EvictionTimer] c.n.e.registry.AbstractInstanceRegistry  : Running the evict task with compensationTime 11ms
2021-04-02 19:18:21.913  INFO 13076 --- [ReplicaAwareInstanceRegistry - RenewalThresholdUpdater] c.n.e.r.PeerAwareInstanceRegistryImpl    : Current renewal threshold is : 0
2021-04-02 19:18:21.960  WARN 13076 --- [Eureka-PeerNodesUpdater] c.n.eureka.cluster.PeerEurekaNodes       : The replica size seems to be empty. Check the route 53 DNS Registry
2021-04-02 19:18:23.325  INFO 13076 --- [Eureka-EvictionTimer] c.n.e.registry.AbstractInstanceRegistry  : Running the evict task with compensationTime 9ms
2021-04-02 19:19:23.328  INFO 13076 --- [Eureka-EvictionTimer] c.n.e.registry.AbstractInstanceRegistry  : Running the evict task with compensationTime 2ms
2021-04-02 19:20:23.343  INFO 13076 --- [Eureka-EvictionTimer] c.n.e.registry.AbstractInstanceRegistry  : Running the evict task with compensationTime 14ms
2021-04-02 19:21:23.357  INFO 13076 --- [Eureka-EvictionTimer] c.n.e.registry.AbstractInstanceRegistry  : Running the evict task with compensationTime 14ms
2021-04-02 19:22:23.367  INFO 13076 --- [Eureka-EvictionTimer] c.n.e.registry.AbstractInstanceRegistry  : Running the evict task with compensationTime 10ms
2021-04-02 19:23:23.368  INFO 13076 --- [Eureka-EvictionTimer] c.n.e.registry.AbstractInstanceRegistry  : Running the evict task with compensationTime 0ms
2021-04-02 19:24:23.380  INFO 13076 --- [Eureka-EvictionTimer] c.n.e.registry.AbstractInstanceRegistry  : Running the evict task with compensationTime 12ms
2021-04-02 19:25:23.395  INFO 13076 --- [Eureka-EvictionTimer] c.n.e.registry.AbstractInstanceRegistry  : Running the evict task with compensationTime 14ms
2021-04-02 19:26:23.406  INFO 13076 --- [Eureka-EvictionTimer] c.n.e.registry.AbstractInstanceRegistry  : Running the evict task with compensationTime 11ms
2021-04-02 19:27:23.407  INFO 13076 --- [Eureka-EvictionTimer] c.n.e.registry.AbstractInstanceRegistry  : Running the evict task with compensationTime 0ms
2021-04-02 19:28:21.976  WARN 13076 --- [Eureka-PeerNodesUpdater] c.n.eureka.cluster.PeerEurekaNodes       : The replica size seems to be empty. Check the route 53 DNS Registry
2021-04-02 19:28:23.413  INFO 13076 --- [Eureka-EvictionTimer] c.n.e.registry.AbstractInstanceRegistry  : Running the evict task with compensationTime 6ms
2021-04-02 19:29:23.414  INFO 13076 --- [Eureka-EvictionTimer] c.n.e.registry.AbstractInstanceRegistry  : Running the evict task with compensationTime 0ms
2021-04-02 19:30:23.414  INFO 13076 --- [Eureka-EvictionTimer] c.n.e.registry.AbstractInstanceRegistry  : Running the evict task with compensationTime 0ms
2021-04-02 19:31:23.414  INFO 13076 --- [Eureka-EvictionTimer] c.n.e.registry.AbstractInstanceRegistry  : Running the evict task with compensationTime 0ms
2021-04-02 19:32:23.415  INFO 13076 --- [Eureka-EvictionTimer] c.n.e.registry.AbstractInstanceRegistry  : Running the evict task with compensationTime 0ms
2021-04-02 19:33:21.913  INFO 13076 --- [ReplicaAwareInstanceRegistry - RenewalThresholdUpdater] c.n.e.r.PeerAwareInstanceRegistryImpl    : Current renewal threshold is : 0
2021-04-02 19:33:23.416  INFO 13076 --- [Eureka-EvictionTimer] c.n.e.registry.AbstractInstanceRegistry  : Running the evict task with compensationTime 0ms
2021-04-02 19:34:23.416  INFO 13076 --- [Eureka-EvictionTimer] c.n.e.registry.AbstractInstanceRegistry  : Running the evict task with compensationTime 0ms
2021-04-02 19:35:23.417  INFO 13076 --- [Eureka-EvictionTimer] c.n.e.registry.AbstractInstanceRegistry  : Running the evict task with compensationTime 0ms
2021-04-02 19:36:23.417  INFO 13076 --- [Eureka-EvictionTimer] c.n.e.registry.AbstractInstanceRegistry  : Running the evict task with compensationTime 0ms
2021-04-02 19:37:23.418  INFO 13076 --- [Eureka-EvictionTimer] c.n.e.registry.AbstractInstanceRegistry  : Running the evict task with compensationTime 0ms
2021-04-02 19:38:21.978  WARN 13076 --- [Eureka-PeerNodesUpdater] c.n.eureka.cluster.PeerEurekaNodes       : The replica size seems to be empty. Check the route 53 DNS Registry
2021-04-02 19:38:23.418  INFO 13076 --- [Eureka-EvictionTimer] c.n.e.registry.AbstractInstanceRegistry  : Running the evict task with compensationTime 0ms
2021-04-02 19:39:23.419  INFO 13076 --- [Eureka-EvictionTimer] c.n.e.registry.AbstractInstanceRegistry  : Running the evict task with compensationTime 0ms
2021-04-02 19:40:23.419  INFO 13076 --- [Eureka-EvictionTimer] c.n.e.registry.AbstractInstanceRegistry  : Running the evict task with compensationTime 0ms
2021-04-02 19:41:23.420  INFO 13076 --- [Eureka-EvictionTimer] c.n.e.registry.AbstractInstanceRegistry  : Running the evict task with compensationTime 0ms
2021-04-02 19:42:23.420  INFO 13076 --- [Eureka-EvictionTimer] c.n.e.registry.AbstractInstanceRegistry  : Running the evict task with compensationTime 0ms
2021-04-02 19:43:23.420  INFO 13076 --- [Eureka-EvictionTimer] c.n.e.registry.AbstractInstanceRegistry  : Running the evict task with compensationTime 0ms
2021-04-02 19:44:23.421  INFO 13076 --- [Eureka-EvictionTimer] c.n.e.registry.AbstractInstanceRegistry  : Running the evict task with compensationTime 0ms
2021-04-02 19:45:23.421  INFO 13076 --- [Eureka-EvictionTimer] c.n.e.registry.AbstractInstanceRegistry  : Running the evict task with compensationTime 0ms
2021-04-02 19:46:23.422  INFO 13076 --- [Eureka-EvictionTimer] c.n.e.registry.AbstractInstanceRegistry  : Running the evict task with compensationTime 0ms
2021-04-02 19:47:23.422  INFO 13076 --- [Eureka-EvictionTimer] c.n.e.registry.AbstractInstanceRegistry  : Running the evict task with compensationTime 0ms
2021-04-02 19:48:21.914  INFO 13076 --- [ReplicaAwareInstanceRegistry - RenewalThresholdUpdater] c.n.e.r.PeerAwareInstanceRegistryImpl    : Current renewal threshold is : 0
2021-04-02 19:48:21.980  WARN 13076 --- [Eureka-PeerNodesUpdater] c.n.eureka.cluster.PeerEurekaNodes       : The replica size seems to be empty. Check the route 53 DNS Registry
2021-04-02 19:48:23.422  INFO 13076 --- [Eureka-EvictionTimer] c.n.e.registry.AbstractInstanceRegistry  : Running the evict task with compensationTime 0ms
2021-04-02 19:49:23.423  INFO 13076 --- [Eureka-EvictionTimer] c.n.e.registry.AbstractInstanceRegistry  : Running the evict task with compensationTime 1ms
2021-04-02 19:50:23.423  INFO 13076 --- [Eureka-EvictionTimer] c.n.e.registry.AbstractInstanceRegistry  : Running the evict task with compensationTime 0ms
2021-04-02 19:51:23.435  INFO 13076 --- [Eureka-EvictionTimer] c.n.e.registry.AbstractInstanceRegistry  : Running the evict task with compensationTime 11ms
2021-04-02 19:52:23.446  INFO 13076 --- [Eureka-EvictionTimer] c.n.e.registry.AbstractInstanceRegistry  : Running the evict task with compensationTime 10ms
2021-04-02 19:53:23.460  INFO 13076 --- [Eureka-EvictionTimer] c.n.e.registry.AbstractInstanceRegistry  : Running the evict task with compensationTime 14ms
2021-04-02 19:54:23.467  INFO 13076 --- [Eureka-EvictionTimer] c.n.e.registry.AbstractInstanceRegistry  : Running the evict task with compensationTime 6ms
2021-04-02 19:55:23.480  INFO 13076 --- [Eureka-EvictionTimer] c.n.e.registry.AbstractInstanceRegistry  : Running the evict task with compensationTime 12ms
2021-04-02 19:56:23.481  INFO 13076 --- [Eureka-EvictionTimer] c.n.e.registry.AbstractInstanceRegistry  : Running the evict task with compensationTime 1ms
2021-04-02 19:57:23.489  INFO 13076 --- [Eureka-EvictionTimer] c.n.e.registry.AbstractInstanceRegistry  : Running the evict task with compensationTime 7ms
2021-04-02 19:58:21.985  WARN 13076 --- [Eureka-PeerNodesUpdater] c.n.eureka.cluster.PeerEurekaNodes       : The replica size seems to be empty. Check the route 53 DNS Registry
2021-04-02 19:58:23.490  INFO 13076 --- [Eureka-EvictionTimer] c.n.e.registry.AbstractInstanceRegistry  : Running the evict task with compensationTime 1ms
2021-04-02 19:59:23.505  INFO 13076 --- [Eureka-EvictionTimer] c.n.e.registry.AbstractInstanceRegistry  : Running the evict task with compensationTime 14ms
2021-04-02 20:00:23.514  INFO 13076 --- [Eureka-EvictionTimer] c.n.e.registry.AbstractInstanceRegistry  : Running the evict task with compensationTime 9ms
2021-04-02 20:01:23.527  INFO 13076 --- [Eureka-EvictionTimer] c.n.e.registry.AbstractInstanceRegistry  : Running the evict task with compensationTime 13ms
